2025-09-06 14:34:51,898 INFO RPC interface 'supervisor' initialized
2025-09-06 14:34:51,898 CRIT Server 'unix_http_server' running without any HTTP authentication checking
2025-09-06 14:34:51,900 INFO daemonizing the supervisord process
2025-09-06 14:34:51,901 INFO supervisord started with pid 4999
2025-09-06 14:34:52,905 INFO spawned: 'webserver' with pid 5001
2025-09-06 14:34:53,014 WARN exited: webserver (exit status 1; not expected)
2025-09-06 14:34:54,017 INFO spawned: 'webserver' with pid 5003
2025-09-06 14:34:54,129 WARN exited: webserver (exit status 1; not expected)
2025-09-06 14:34:56,931 INFO spawned: 'webserver' with pid 5009
2025-09-06 14:34:57,039 WARN exited: webserver (exit status 1; not expected)
2025-09-06 14:35:00,046 INFO spawned: 'webserver' with pid 5015
2025-09-06 14:35:00,163 WARN exited: webserver (exit status 1; not expected)
2025-09-06 14:35:01,165 INFO gave up: webserver entered FATAL state, too many start retries too quickly
2025-09-06 14:35:08,724 INFO spawned: 'webserver' with pid 5028
2025-09-06 14:35:08,869 WARN exited: webserver (exit status 1; not expected)
2025-09-06 14:35:09,873 INFO spawned: 'webserver' with pid 5030
2025-09-06 14:35:10,048 WARN exited: webserver (exit status 1; not expected)
2025-09-06 14:35:12,055 INFO spawned: 'webserver' with pid 5034
2025-09-06 14:35:12,205 WARN exited: webserver (exit status 1; not expected)
2025-09-06 14:35:17,836 INFO RPC interface 'supervisor' initialized
2025-09-06 14:35:17,836 CRIT Server 'unix_http_server' running without any HTTP authentication checking
2025-09-06 14:35:17,839 INFO daemonizing the supervisord process
2025-09-06 14:35:17,840 INFO supervisord started with pid 5044
2025-09-06 14:35:18,847 INFO spawned: 'webserver' with pid 5046
2025-09-06 14:35:19,850 INFO success: webserver entered RUNNING state, process has stayed up for > than 1 seconds (startsecs)
2025-09-07 02:42:36,897 INFO waiting for webserver to stop
2025-09-07 02:42:36,900 WARN stopped: webserver (terminated by SIGTERM)
2025-09-07 02:42:36,911 INFO spawned: 'webserver' with pid 18989
2025-09-07 02:42:37,914 INFO success: webserver entered RUNNING state, process has stayed up for > than 1 seconds (startsecs)
2025-09-07 03:05:13,340 INFO waiting for webserver to stop
2025-09-07 03:05:13,342 WARN stopped: webserver (terminated by SIGTERM)
2025-09-07 03:05:13,347 INFO spawned: 'webserver' with pid 20637
2025-09-07 03:05:14,349 INFO success: webserver entered RUNNING state, process has stayed up for > than 1 seconds (startsecs)
2025-09-07 03:57:11,505 INFO waiting for webserver to stop
2025-09-07 03:57:11,508 WARN stopped: webserver (terminated by SIGTERM)
2025-09-07 03:57:11,514 INFO spawned: 'webserver' with pid 24771
2025-09-07 03:57:12,517 INFO success: webserver entered RUNNING state, process has stayed up for > than 1 seconds (startsecs)
2025-09-07 04:04:12,129 INFO waiting for webserver to stop
2025-09-07 04:04:12,130 WARN stopped: webserver (terminated by SIGTERM)
2025-09-07 04:04:12,134 INFO spawned: 'webserver' with pid 26263
2025-09-07 04:04:13,137 INFO success: webserver entered RUNNING state, process has stayed up for > than 1 seconds (startsecs)
2025-09-07 10:08:28,814 INFO RPC interface 'supervisor' initialized
2025-09-07 10:08:28,814 CRIT Server 'unix_http_server' running without any HTTP authentication checking
2025-09-07 10:08:28,817 INFO daemonizing the supervisord process
2025-09-07 10:08:28,818 INFO supervisord started with pid 5938
2025-09-07 10:08:29,824 INFO spawned: 'webserver' with pid 5940
2025-09-07 10:08:30,827 INFO success: webserver entered RUNNING state, process has stayed up for > than 1 seconds (startsecs)
2025-09-07 10:14:18,015 WARN exited: webserver (terminated by SIGTERM; not expected)
2025-09-07 10:14:19,018 INFO spawned: 'webserver' with pid 6454
2025-09-07 10:14:20,020 INFO success: webserver entered RUNNING state, process has stayed up for > than 1 seconds (startsecs)
2025-09-07 10:14:42,314 INFO waiting for webserver to die
2025-09-07 10:14:42,314 WARN stopped: webserver (terminated by SIGTERM)
2025-09-07 10:14:45,342 INFO RPC interface 'supervisor' initialized
2025-09-07 10:14:45,342 CRIT Server 'unix_http_server' running without any HTTP authentication checking
2025-09-07 10:14:45,344 INFO daemonizing the supervisord process
2025-09-07 10:14:45,345 INFO supervisord started with pid 6501
2025-09-07 10:14:46,349 INFO spawned: 'webserver' with pid 6503
2025-09-07 10:14:47,438 INFO success: webserver entered RUNNING state, process has stayed up for > than 1 seconds (startsecs)
