Server running on port 8000
07/Sep/2025 10:14:56 - "GET / HTTP/1.1" 200 -
07/Sep/2025 10:14:56 - "GET /function/game-data.js HTTP/1.1" 200 -
07/Sep/2025 10:14:56 - "GET /function/game-functions.js HTTP/1.1" 200 -
07/Sep/2025 10:14:56 - "GET /function/main.js HTTP/1.1" 200 -
07/Sep/2025 10:14:56 - "GET /style.css HTTP/1.1" 200 -
07/Sep/2025 10:14:57 - "GET /favicon.ico HTTP/1.1" 200 -
07/Sep/2025 10:14:58 - "GET /animals.json HTTP/1.1" 200 -
07/Sep/2025 10:15:00 - "GET / HTTP/1.1" 200 -
07/Sep/2025 10:15:01 - "GET /style.css HTTP/1.1" 304 -
07/Sep/2025 10:15:01 - "GET /function/game-data.js HTTP/1.1" 304 -
07/Sep/2025 10:15:01 - "GET /function/main.js HTTP/1.1" 200 -
07/Sep/2025 10:15:01 - "GET /function/game-functions.js HTTP/1.1" 304 -
07/Sep/2025 10:15:01 - "GET /favicon.ico HTTP/1.1" 304 -
07/Sep/2025 10:15:02 - "GET /animals.json HTTP/1.1" 304 -
07/Sep/2025 10:15:07 - "GET /subjects/social/level1.json HTTP/1.1" 200 -
Server running on port 8000
07/Sep/2025 10:32:12 - "GET / HTTP/1.1" 200 -
07/Sep/2025 10:32:12 - "GET /style.css HTTP/1.1" 200 -
07/Sep/2025 10:32:12 - "GET /function/game-functions.js HTTP/1.1" 200 -
07/Sep/2025 10:32:12 - "GET /function/main.js HTTP/1.1" 200 -
07/Sep/2025 10:32:12 - "GET /function/game-data.js HTTP/1.1" 200 -
07/Sep/2025 10:32:12 - "GET /favicon.ico HTTP/1.1" 200 -
07/Sep/2025 10:32:14 - "GET /animals.json HTTP/1.1" 200 -
07/Sep/2025 10:37:20 - "GET / HTTP/1.1" 200 -
07/Sep/2025 10:37:20 - "GET /function/game-data.js HTTP/1.1" 200 -
07/Sep/2025 10:37:20 - "GET /function/game-functions.js HTTP/1.1" 200 -
07/Sep/2025 10:37:20 - "GET /style.css HTTP/1.1" 200 -
07/Sep/2025 10:37:21 - "GET /function/main.js HTTP/1.1" 200 -
07/Sep/2025 10:37:21 - "GET /favicon.ico HTTP/1.1" 304 -
07/Sep/2025 10:37:22 - "GET /animals.json HTTP/1.1" 304 -
07/Sep/2025 10:37:26 - "GET /subjects/social/level1.json HTTP/1.1" 304 -
07/Sep/2025 10:37:33 - "GET /subjects/social/level2.json HTTP/1.1" 200 -
07/Sep/2025 10:37:33 - "GET /subjects/social/level3.json HTTP/1.1" 200 -
07/Sep/2025 10:38:16 - "GET / HTTP/1.1" 200 -
07/Sep/2025 10:38:16 - "GET /style.css HTTP/1.1" 200 -
07/Sep/2025 10:38:16 - "GET /function/game-functions.js HTTP/1.1" 200 -
07/Sep/2025 10:38:16 - "GET /function/game-data.js HTTP/1.1" 200 -
07/Sep/2025 10:38:16 - "GET /function/main.js HTTP/1.1" 200 -
07/Sep/2025 10:38:16 - "GET /favicon.ico HTTP/1.1" 200 -
07/Sep/2025 10:38:17 - "GET /animals.json HTTP/1.1" 200 -
07/Sep/2025 10:38:27 - "GET /subjects/english/level1.json HTTP/1.1" 200 -
07/Sep/2025 10:38:28 - "GET /subjects/english/level2.json HTTP/1.1" 200 -
07/Sep/2025 10:38:28 - "GET /subjects/english/level3.json HTTP/1.1" 200 -
Server running on port 8000
07/Sep/2025 10:40:50 - "GET / HTTP/1.1" 200 -
07/Sep/2025 10:40:50 - "GET /style.css HTTP/1.1" 200 -
07/Sep/2025 10:40:50 - "GET /function/game-data.js HTTP/1.1" 200 -
07/Sep/2025 10:40:50 - "GET /function/game-functions.js HTTP/1.1" 200 -
07/Sep/2025 10:40:50 - "GET /function/main.js HTTP/1.1" 200 -
07/Sep/2025 10:40:50 - "GET /favicon.ico HTTP/1.1" 200 -
07/Sep/2025 10:40:51 - "GET /animals.json HTTP/1.1" 200 -
07/Sep/2025 10:41:34 - "GET / HTTP/1.1" 200 -
07/Sep/2025 10:41:34 - "GET /style.css HTTP/1.1" 200 -
07/Sep/2025 10:41:34 - "GET /function/main.js HTTP/1.1" 200 -
07/Sep/2025 10:41:34 - "GET /function/game-functions.js HTTP/1.1" 200 -
07/Sep/2025 10:41:34 - "GET /function/game-data.js HTTP/1.1" 200 -
07/Sep/2025 10:41:34 - "GET /favicon.ico HTTP/1.1" 200 -
07/Sep/2025 10:41:36 - "GET /animals.json HTTP/1.1" 200 -
